  main.cpp
c:\users\prozone\source\repos\carracing\carracing\main.cpp(40): warning C4244: 'argument': conversion from 'double' to 'float', possible loss of data
c:\users\prozone\source\repos\carracing\carracing\main.cpp(76): warning C4244: '=': conversion from 'double' to 'float', possible loss of data
c:\users\prozone\source\repos\carracing\carracing\main.cpp(77): warning C4244: '=': conversion from 'double' to 'float', possible loss of data
c:\users\prozone\source\repos\carracing\carracing\main.cpp(81): warning C4244: 'initializing': conversion from 'double' to 'float', possible loss of data
c:\users\prozone\source\repos\carracing\carracing\main.cpp(82): warning C4244: 'initializing': conversion from 'double' to 'float', possible loss of data
c:\users\prozone\source\repos\carracing\carracing\main.cpp(84): warning C4244: '=': conversion from 'double' to 'float', possible loss of data
c:\users\prozone\source\repos\carracing\carracing\main.cpp(85): warning C4244: '=': conversion from 'double' to 'float', possible loss of data
c:\users\prozone\source\repos\carracing\carracing\main.cpp(148): warning C4305: 'initializing': truncation from 'double' to 'float'
c:\users\prozone\source\repos\carracing\carracing\main.cpp(150): warning C4305: 'initializing': truncation from 'double' to 'float'
c:\users\prozone\source\repos\carracing\carracing\main.cpp(156): warning C4244: 'initializing': conversion from 'double' to 'float', possible loss of data
LINK : warning LNK4098: defaultlib 'MSVCRTD' conflicts with use of other libs; use /NODEFAULTLIB:library
  Generating code
  1 of 903 functions ( 0.1%) were compiled, the rest were copied from previous compilation.
    0 functions were new in current compilation
    0 functions had inline decision re-evaluated but remain unchanged
  Finished generating code
glfw3.lib(context.obj) : warning LNK4099: PDB 'glfw.pdb' was not found with 'glfw3.lib(context.obj)' or at 'C:\Users\Prozone\source\repos\CarRacing\Release\glfw.pdb'; linking object as if no debug info
glfw3.lib(init.obj) : warning LNK4099: PDB 'glfw.pdb' was not found with 'glfw3.lib(init.obj)' or at 'C:\Users\Prozone\source\repos\CarRacing\Release\glfw.pdb'; linking object as if no debug info
glfw3.lib(input.obj) : warning LNK4099: PDB 'glfw.pdb' was not found with 'glfw3.lib(input.obj)' or at 'C:\Users\Prozone\source\repos\CarRacing\Release\glfw.pdb'; linking object as if no debug info
glfw3.lib(monitor.obj) : warning LNK4099: PDB 'glfw.pdb' was not found with 'glfw3.lib(monitor.obj)' or at 'C:\Users\Prozone\source\repos\CarRacing\Release\glfw.pdb'; linking object as if no debug info
glfw3.lib(vulkan.obj) : warning LNK4099: PDB 'glfw.pdb' was not found with 'glfw3.lib(vulkan.obj)' or at 'C:\Users\Prozone\source\repos\CarRacing\Release\glfw.pdb'; linking object as if no debug info
glfw3.lib(window.obj) : warning LNK4099: PDB 'glfw.pdb' was not found with 'glfw3.lib(window.obj)' or at 'C:\Users\Prozone\source\repos\CarRacing\Release\glfw.pdb'; linking object as if no debug info
glfw3.lib(win32_init.obj) : warning LNK4099: PDB 'glfw.pdb' was not found with 'glfw3.lib(win32_init.obj)' or at 'C:\Users\Prozone\source\repos\CarRacing\Release\glfw.pdb'; linking object as if no debug info
glfw3.lib(win32_joystick.obj) : warning LNK4099: PDB 'glfw.pdb' was not found with 'glfw3.lib(win32_joystick.obj)' or at 'C:\Users\Prozone\source\repos\CarRacing\Release\glfw.pdb'; linking object as if no debug info
glfw3.lib(win32_monitor.obj) : warning LNK4099: PDB 'glfw.pdb' was not found with 'glfw3.lib(win32_monitor.obj)' or at 'C:\Users\Prozone\source\repos\CarRacing\Release\glfw.pdb'; linking object as if no debug info
glfw3.lib(win32_time.obj) : warning LNK4099: PDB 'glfw.pdb' was not found with 'glfw3.lib(win32_time.obj)' or at 'C:\Users\Prozone\source\repos\CarRacing\Release\glfw.pdb'; linking object as if no debug info
glfw3.lib(win32_tls.obj) : warning LNK4099: PDB 'glfw.pdb' was not found with 'glfw3.lib(win32_tls.obj)' or at 'C:\Users\Prozone\source\repos\CarRacing\Release\glfw.pdb'; linking object as if no debug info
glfw3.lib(win32_window.obj) : warning LNK4099: PDB 'glfw.pdb' was not found with 'glfw3.lib(win32_window.obj)' or at 'C:\Users\Prozone\source\repos\CarRacing\Release\glfw.pdb'; linking object as if no debug info
glfw3.lib(wgl_context.obj) : warning LNK4099: PDB 'glfw.pdb' was not found with 'glfw3.lib(wgl_context.obj)' or at 'C:\Users\Prozone\source\repos\CarRacing\Release\glfw.pdb'; linking object as if no debug info
glfw3.lib(egl_context.obj) : warning LNK4099: PDB 'glfw.pdb' was not found with 'glfw3.lib(egl_context.obj)' or at 'C:\Users\Prozone\source\repos\CarRacing\Release\glfw.pdb'; linking object as if no debug info
  CarRacing.vcxproj -> C:\Users\Prozone\source\repos\CarRacing\Release\CarRacing.exe
